Arguments: 
  C:\Program Files\nodejs\node.exe C:\Users\86158\AppData\Roaming\npm\node_modules\yarn\bin\yarn.js run docs:dev

PATH: 
  E:\IDEA\VMwareWorkstationPRO\vmwap\bin\;C:\Program Files\Common Files\Oracle\Java\javapath;F:\maven\mavens\apache-maven-3.8.8\bin;E:\web\03_Eclipse\jdk1.8.0_301\bin;C:\Program Files\MySQL\MySQL Server 8.0\bin;C:\Program Files (x86)\Common Files\Oracle\Java\javapath;C:\Windows\system32;C:\Windows;C:\Windows\System32\Wbem;C:\Windows\System32\WindowsPowerShell\v1.0\;C:\Windows\System32\OpenSSH\;C:\Program Files (x86)\NVIDIA Corporation\PhysX\Common;C:\Program Files\NVIDIA Corporation\NVIDIA NvDLISR;C:\Program Files\dotnet\;E:\web\03_Eclipse\jdk1.8.0_301\bin;C:\WINDOWS\system32;C:\WINDOWS;C:\WINDOWS\System32\Wbem;C:\WINDOWS\System32\WindowsPowerShell\v1.0\;C:\WINDOWS\System32\OpenSSH\;E:\web\03_Eclipse\jdk1.8.0_301\jre;F:\Navicat1\Mongodb\mongodb-win32-x86_64-2008plus-ssl-4.0.12\bin;E:\IDEA\Git\git\cmd;F:\Rationalrose2007\Rational\common;C:\Program Files (x86)\dotnet\;D:\2023\python\ffmpeg-2023-03-05-git-912ac82a3c-essentials_build\ffmpeg-2023-03-05-git-912ac82a3c-essentials_build\bin;C:\Users\86158\AppData\Roaming\nvm;C:\Program Files\nodejs;E:\anaconda;E:\anaconda\Scripts;E:\anaconda\Library\mingw-w64\bin;E:\anaconda\Library\usr\bin;E:\anaconda\Library\bin;F:\Bandizip\;F:\wechat\dll;C:\Program Files (x86)\Microsoft SQL Server\160\Tools\Binn\;C:\Program Files\Microsoft SQL Server\160\Tools\Binn\;C:\Program Files\Microsoft SQL Server\Client SDK\ODBC\170\Tools\Binn\;C:\Program Files\Microsoft SQL Server\160\DTS\Binn\;C:\Program Files\Azure Data Studio\bin;D:\2023\Redis\Redis-x64-5.0.14.1\redis\;D:\2023\Redis\ffmpeg\ffmpeg-2023-04-17-git-65e537b833-full_build\bin;C:\Program Files\Pandoc\;C:\Program Files\nodejs\;C:\Program Files\nodejs\node_global;C:\Program Files\nodejs\node_global\node_modules;F:\pycharm\Python3.10.4\Scripts\;F:\pycharm\Python3.10.4\;F:\pycharm\python3.11.2\Scripts\;F:\pycharm\python3.11.2\;C:\Program Files\MySQL\MySQL Shell 8.0\bin\;C:\Users\86158\AppData\Local\Microsoft\WindowsApps;D:\Microsoft VS Code\bin;F:\WebStorm 2021.2.2\bin;;C:\Users\86158\.dotnet\tools;F:\IntelliJ IDEA\IntelliJ IDEA Community Edition 2022.1.2\bin;;C:\Users\86158\AppData\Roaming\nvm;C:\Program Files\nodejs;C:\Program Files\Azure Data Studio\bin;C:\Users\86158\AppData\Roaming\npm;D:\2023\daiMa\code_project\project-documents\vitepress-system-documents\node_modules\.bin

Yarn version: 
  1.22.19

Node version: 
  18.17.0

Platform: 
  win32 x64

Trace: 
  SyntaxError: D:\2023\daiMa\code_project\project-documents\vitepress-system-documents\package.json: Unexpected token } in JSON at position 424
      at JSON.parse (<anonymous>)
      at C:\Users\86158\AppData\Roaming\npm\node_modules\yarn\lib\cli.js:1629:59
      at Generator.next (<anonymous>)
      at step (C:\Users\86158\AppData\Roaming\npm\node_modules\yarn\lib\cli.js:310:30)
      at C:\Users\86158\AppData\Roaming\npm\node_modules\yarn\lib\cli.js:321:13

npm manifest: 
  {
    "name": "vitepress-system-documents",
    "version": "1.0.0",
    "description": "",
    "main": "index.js",
    "scripts": {
      "test": "echo \"Error: no test specified\" && exit 1",
      "docs:dev": "vitepress dev docs",
      "docs:build": "vitepress build docs",
      "docs:preview": "vitepress preview docs"
    },
    "keywords": [],
    "author": "",
    "license": "ISC",
    "devDependencies": {
      "vitepress": "^1.0.0-beta.6",
    }
  }

yarn manifest: 
  No manifest

Lockfile: 
  No lockfile
